<?xml version="1.0" encoding="UTF-8"?>
<!-- Generated by org.testng.reporters.JUnitReportReporter -->
<testsuite hostname="DESKTOP-SJEQSC9" failures="0" tests="2" name="com.slinkr.testscript.LoginExecute" time="3.431" errors="0" timestamp="2024-03-17T23:51:02 IST" skipped="1">
  <testcase classname="com.slinkr.testscript.LoginExecute" name="oneendtoendLoginPage" time="3.431"/>
  <testcase classname="com.slinkr.testscript.LoginExecute" name="enumOperations">
    <skipped/>
  </testcase> <!-- enumOperations -->
</testsuite> <!-- com.slinkr.testscript.LoginExecute -->
